# JRE version: OpenJDK Runtime Environment (7.0_75-b13) (build 1.7.0_75-b13)
# Java VM: OpenJDK Server VM (24.75-b04 mixed mode linux-x86 )
Heap
 PSYoungGen      total 9472K, used 7503K [0xa8780000, 0xa9880000, 0xb3240000)
  eden space 8192K, 76% used [0xa8780000,0xa8d957f8,0xa8f80000)
  from space 1280K, 99% used [0xa8f80000,0xa90be568,0xa90c0000)
  to   space 4608K, 0% used [0xa9400000,0xa9400000,0xa9880000)
 ParOldGen       total 20992K, used 12035K [0x93240000, 0x946c0000, 0xa8780000)
  object space 20992K, 57% used [0x93240000,0x93e00f88,0x946c0000)
 PSPermGen       total 16384K, used 12344K [0x8b240000, 0x8c240000, 0x93240000)
  object space 16384K, 75% used [0x8b240000,0x8be4e080,0x8c240000)
GC Heap History (10 events):
Event: 8,659 GC heap before
{Heap before GC invocations=1 (full 0):
 PSYoungGen      total 9472K, used 8192K [0xa8780000, 0xa9200000, 0xb3240000)
  eden space 8192K, 100% used [0xa8780000,0xa8f80000,0xa8f80000)
  from space 1280K, 0% used [0xa90c0000,0xa90c0000,0xa9200000)
  to   space 1280K, 0% used [0xa8f80000,0xa8f80000,0xa90c0000)
 ParOldGen       total 20992K, used 0K [0x93240000, 0x946c0000, 0xa8780000)
  object space 20992K, 0% used [0x93240000,0x93240000,0x946c0000)
 PSPermGen       total 16384K, used 10275K [0x8b240000, 0x8c240000, 0x93240000)
  object space 16384K, 62% used [0x8b240000,0x8bc48ee8,0x8c240000)
Event: 8,675 GC heap after
Heap after GC invocations=1 (full 0):
 PSYoungGen      total 9472K, used 1268K [0xa8780000, 0xa9200000, 0xb3240000)
  eden space 8192K, 0% used [0xa8780000,0xa8780000,0xa8f80000)
  from space 1280K, 99% used [0xa8f80000,0xa90bd3a8,0xa90c0000)
  to   space 1280K, 0% used [0xa90c0000,0xa90c0000,0xa9200000)
 ParOldGen       total 20992K, used 1515K [0x93240000, 0x946c0000, 0xa8780000)
  object space 20992K, 7% used [0x93240000,0x933baf58,0x946c0000)
 PSPermGen       total 16384K, used 10275K [0x8b240000, 0x8c240000, 0x93240000)
  object space 16384K, 62% used [0x8b240000,0x8bc48ee8,0x8c240000)
}
Event: 17,306 GC heap before
{Heap before GC invocations=2 (full 0):
 PSYoungGen      total 9472K, used 9460K [0xa8780000, 0xa9200000, 0xb3240000)
  eden space 8192K, 100% used [0xa8780000,0xa8f80000,0xa8f80000)
  from space 1280K, 99% used [0xa8f80000,0xa90bd3a8,0xa90c0000)
  to   space 1280K, 0% used [0xa90c0000,0xa90c0000,0xa9200000)
 ParOldGen       total 20992K, used 1515K [0x93240000, 0x946c0000, 0xa8780000)
  object space 20992K, 7% used [0x93240000,0x933baf58,0x946c0000)
 PSPermGen       total 16384K, used 12178K [0x8b240000, 0x8c240000, 0x93240000)
  object space 16384K, 74% used [0x8b240000,0x8be24910,0x8c240000)
Event: 17,325 GC heap after
Heap after GC invocations=2 (full 0):
 PSYoungGen      total 9472K, used 1273K [0xa8780000, 0xa9200000, 0xb3240000)
  eden space 8192K, 0% used [0xa8780000,0xa8780000,0xa8f80000)
  from space 1280K, 99% used [0xa90c0000,0xa91fe458,0xa9200000)
  to   space 1280K, 0% used [0xa8f80000,0xa8f80000,0xa90c0000)
 ParOldGen       total 20992K, used 3978K [0x93240000, 0x946c0000, 0xa8780000)
  object space 20992K, 18% used [0x93240000,0x93622bc8,0x946c0000)
 PSPermGen       total 16384K, used 12178K [0x8b240000, 0x8c240000, 0x93240000)
  object space 16384K, 74% used [0x8b240000,0x8be24910,0x8c240000)
}
Event: 18,038 GC heap before
{Heap before GC invocations=3 (full 0):
 PSYoungGen      total 9472K, used 9465K [0xa8780000, 0xa9200000, 0xb3240000)
  eden space 8192K, 100% used [0xa8780000,0xa8f80000,0xa8f80000)
  from space 1280K, 99% used [0xa90c0000,0xa91fe458,0xa9200000)
  to   space 1280K, 0% used [0xa8f80000,0xa8f80000,0xa90c0000)
 ParOldGen       total 20992K, used 3978K [0x93240000, 0x946c0000, 0xa8780000)
  object space 20992K, 18% used [0x93240000,0x93622bc8,0x946c0000)
 PSPermGen       total 16384K, used 12233K [0x8b240000, 0x8c240000, 0x93240000)
  object space 16384K, 74% used [0x8b240000,0x8be324e8,0x8c240000)
Event: 18,054 GC heap after
Heap after GC invocations=3 (full 0):
 PSYoungGen      total 9472K, used 1273K [0xa8780000, 0xa9200000, 0xb3240000)
  eden space 8192K, 0% used [0xa8780000,0xa8780000,0xa8f80000)
  from space 1280K, 99% used [0xa8f80000,0xa90be538,0xa90c0000)
  to   space 1280K, 0% used [0xa90c0000,0xa90c0000,0xa9200000)
 ParOldGen       total 20992K, used 6912K [0x93240000, 0x946c0000, 0xa8780000)
  object space 20992K, 32% used [0x93240000,0x93900120,0x946c0000)
 PSPermGen       total 16384K, used 12233K [0x8b240000, 0x8c240000, 0x93240000)
  object space 16384K, 74% used [0x8b240000,0x8be324e8,0x8c240000)
}
Event: 21,395 GC heap before
{Heap before GC invocations=4 (full 0):
 PSYoungGen      total 9472K, used 9465K [0xa8780000, 0xa9200000, 0xb3240000)
  eden space 8192K, 100% used [0xa8780000,0xa8f80000,0xa8f80000)
  from space 1280K, 99% used [0xa8f80000,0xa90be538,0xa90c0000)
  to   space 1280K, 0% used [0xa90c0000,0xa90c0000,0xa9200000)
 ParOldGen       total 20992K, used 6912K [0x93240000, 0x946c0000, 0xa8780000)
  object space 20992K, 32% used [0x93240000,0x93900120,0x946c0000)
 PSPermGen       total 16384K, used 12308K [0x8b240000, 0x8c240000, 0x93240000)
  object space 16384K, 75% used [0x8b240000,0x8be450e0,0x8c240000)
Event: 21,410 GC heap after
Heap after GC invocations=4 (full 0):
 PSYoungGen      total 9472K, used 1273K [0xa8780000, 0xa9200000, 0xb3240000)
  eden space 8192K, 0% used [0xa8780000,0xa8780000,0xa8f80000)
  from space 1280K, 99% used [0xa90c0000,0xa91fe498,0xa9200000)
  to   space 1280K, 0% used [0xa8f80000,0xa8f80000,0xa90c0000)
 ParOldGen       total 20992K, used 9316K [0x93240000, 0x946c0000, 0xa8780000)
  object space 20992K, 44% used [0x93240000,0x93b59350,0x946c0000)
 PSPermGen       total 16384K, used 12308K [0x8b240000, 0x8c240000, 0x93240000)
  object space 16384K, 75% used [0x8b240000,0x8be450e0,0x8c240000)
}
Event: 23,575 GC heap before
{Heap before GC invocations=5 (full 0):
 PSYoungGen      total 9472K, used 9465K [0xa8780000, 0xa9200000, 0xb3240000)
  eden space 8192K, 100% used [0xa8780000,0xa8f80000,0xa8f80000)
  from space 1280K, 99% used [0xa90c0000,0xa91fe498,0xa9200000)
  to   space 1280K, 0% used [0xa8f80000,0xa8f80000,0xa90c0000)
 ParOldGen       total 20992K, used 9316K [0x93240000, 0x946c0000, 0xa8780000)
  object space 20992K, 44% used [0x93240000,0x93b59350,0x946c0000)
 PSPermGen       total 16384K, used 12320K [0x8b240000, 0x8c240000, 0x93240000)
  object space 16384K, 75% used [0x8b240000,0x8be48388,0x8c240000)
Event: 23,610 GC heap after
Heap after GC invocations=5 (full 0):
 PSYoungGen      total 9472K, used 1273K [0xa8780000, 0xa9880000, 0xb3240000)
  eden space 8192K, 0% used [0xa8780000,0xa8780000,0xa8f80000)
  from space 1280K, 99% used [0xa8f80000,0xa90be568,0xa90c0000)
  to   space 4608K, 0% used [0xa9400000,0xa9400000,0xa9880000)
 ParOldGen       total 20992K, used 12035K [0x93240000, 0x946c0000, 0xa8780000)
  object space 20992K, 57% used [0x93240000,0x93e00f88,0x946c0000)
 PSPermGen       total 16384K, used 12320K [0x8b240000, 0x8c240000, 0x93240000)
  object space 16384K, 75% used [0x8b240000,0x8be48388,0x8c240000)
}

